<?xml version="1.0" encoding="UTF-8"?>
<testsuite name="com.likelion.seminar.SeminarApplicationTests" tests="1" skipped="0" failures="0" errors="0" timestamp="2026-07-26T11:37:36.158Z" hostname="DESKTOP-MDFSO3G" time="4.919">
  <properties/>
  <testcase name="contextLoads()" classname="com.likelion.seminar.SeminarApplicationTests" time="1.185"/>
  <system-out><![CDATA[20:37:36.573 [Test worker] INFO org.springframework.test.context.support.AnnotationConfigContextLoaderUtils -- Could not detect default configuration classes for test class [com.likelion.seminar.SeminarApplicationTests]: SeminarApplicationTests does not declare any static, non-private, non-final, nested classes annotated with @Configuration.
20:37:36.782 [Test worker] INFO org.springframework.boot.test.context.SpringBootTestContextBootstrapper -- Found @SpringBootConfiguration com.likelion.seminar.SeminarApplication for test class com.likelion.seminar.SeminarApplicationTests
20:37:36.984 [Test worker] INFO org.springframework.test.context.support.AnnotationConfigContextLoaderUtils -- Could not detect default configuration classes for test class [com.likelion.seminar.SeminarApplicationTests]: SeminarApplicationTests does not declare any static, non-private, non-final, nested classes annotated with @Configuration.
20:37:36.987 [Test worker] INFO org.springframework.boot.test.context.SpringBootTestContextBootstrapper -- Found @SpringBootConfiguration com.likelion.seminar.SeminarApplication for test class com.likelion.seminar.SeminarApplicationTests

  .   ____          _            __ _ _
 /\\ / ___'_ __ _ _(_)_ __  __ _ \ \ \ \
( ( )\___ | '_ | '_| | '_ \/ _` | \ \ \ \
 \\/  ___)| |_)| | | | | || (_| |  ) ) ) )
  '  |____| .__|_| |_|_| |_\__, | / / / /
 =========|_|==============|___/=/_/_/_/

 :: Spring Boot ::                (v4.1.0)

2026-07-26T20:37:37.624+09:00  INFO 8156 --- [seminar] [    Test worker] c.l.seminar.SeminarApplicationTests      : Starting SeminarApplicationTests using Java 21.0.11 with PID 8156 (started by kkyon in C:\dev\2026likeliongit\KyungSeBin\spring\week01_hw\seminar)
2026-07-26T20:37:37.628+09:00  INFO 8156 --- [seminar] [    Test worker] c.l.seminar.SeminarApplicationTests      : No active profile set, falling back to 1 default profile: "default"
2026-07-26T20:37:39.870+09:00  INFO 8156 --- [seminar] [    Test worker] c.l.seminar.SeminarApplicationTests      : Started SeminarApplicationTests in 2.749 seconds (process running for 5.569)
]]></system-out>
  <system-err><![CDATA[Mockito is currently self-attaching to enable the inline-mock-maker. This will no longer work in future releases of the JDK. Please add Mockito as an agent to your build as described in Mockito's documentation: https://javadoc.io/doc/org.mockito/mockito-core/latest/org.mockito/org/mockito/Mockito.html#0.3
WARNING: A Java agent has been loaded dynamically (C:\Users\kkyon\.gradle\caches\modules-2\files-2.1\net.bytebuddy\byte-buddy-agent\1.18.10\9426d28828bdcdf42666bb7a68c468279ea78f59\byte-buddy-agent-1.18.10.jar)
WARNING: If a serviceability tool is in use, please run with -XX:+EnableDynamicAgentLoading to hide this warning
WARNING: If a serviceability tool is not in use, please run with -Djdk.instrument.traceUsage for more information
WARNING: Dynamic loading of agents will be disallowed by default in a future release
]]></system-err>
</testsuite>
